<?xml version="1.0" encoding="UTF-8"?>
<!-- Generated by org.testng.reporters.JUnitReportReporter -->
<testsuite hostname="PC-MennaAshraf29" failures="0" tests="1" name="checkout.EmptyCartCheckOutTests" time="1.066" errors="0" timestamp="2025-06-21T14:44:39 EEST" skipped="0">
  <testcase classname="checkout.EmptyCartCheckOutTests" name="testProceedToCheckoutWithEmptyCart" time="1.066"/>
</testsuite> <!-- checkout.EmptyCartCheckOutTests -->
