<?xml version="1.0" encoding="UTF-8"?>
<!-- Generated by org.testng.reporters.JUnitReportReporter -->
<testsuite hostname="PC-MennaAshraf29" failures="0" tests="3" name="search.SearchTests" time="6.259" errors="0" timestamp="2025-06-21T14:44:39 EEST" skipped="0">
  <testcase classname="search.SearchTests" name="testInvalidSearchWithSpecialCharacters" time="1.375"/>
  <testcase classname="search.SearchTests" name="testSearchSecurityWithMaliciousInput" time="3.350"/>
  <testcase classname="search.SearchTests" name="testSearchForValidProduct" time="1.534"/>
</testsuite> <!-- search.SearchTests -->
