<?xml version="1.0" encoding="UTF-8"?>
<!-- Generated by org.testng.reporters.JUnitReportReporter -->
<testsuite hostname="PC-MennaAshraf29" failures="0" tests="2" name="addtocart.AddToCartTests" time="5.575" errors="0" timestamp="2025-06-21T14:44:39 EEST" skipped="0">
  <testcase classname="addtocart.AddToCartTests" name="testAddToCartWithoutSizeOption" time="1.628"/>
  <testcase classname="addtocart.AddToCartTests" name="testAddHoodieToCart" time="3.947"/>
</testsuite> <!-- addtocart.AddToCartTests -->
